2026-02-07 16:59:36.490 | INFO     | __main__:run_proof:30 - PROOF START: Days in July with <= 2 espresso shots consumed
2026-02-07 16:59:36.490 | INFO     | __main__:run_proof:32 - Step 1: Resolve ingredient id for espresso_shot
2026-02-07 16:59:36.504 | INFO     | __main__:run_proof:45 - Ingredient resolved: id=1 name=espresso_shot unit=shot
2026-02-07 16:59:36.504 | INFO     | __main__:run_proof:52 - Step 2: Load espresso-shot quantity per product recipe
2026-02-07 16:59:36.505 | INFO     | __main__:run_proof:65 - Loaded 26 product recipes that consume espresso shots
2026-02-07 16:59:36.505 | INFO     | __main__:run_proof:70 - Step 3: Aggregate July espresso-shot consumption from raw transactions
2026-02-07 16:59:36.531 | INFO     | __main__:run_proof:97 - Step 4: Output qualifying rows
2026-02-07 16:59:36.531 | INFO     | __main__:run_proof:105 - Found 12 qualifying machine-day rows across 6 distinct July days
2026-02-07 16:59:36.531 | INFO     | __main__:run_proof:111 - evidence: date=2024-07-04 machine_id=1 espresso_shots=2.0
2026-02-07 16:59:36.531 | INFO     | __main__:run_proof:111 - evidence: date=2024-07-04 machine_id=3 espresso_shots=2.0
2026-02-07 16:59:36.531 | INFO     | __main__:run_proof:111 - evidence: date=2024-07-12 machine_id=1 espresso_shots=1.0
2026-02-07 16:59:36.531 | INFO     | __main__:run_proof:111 - evidence: date=2024-07-12 machine_id=3 espresso_shots=1.0
2026-02-07 16:59:36.531 | INFO     | __main__:run_proof:111 - evidence: date=2024-07-13 machine_id=1 espresso_shots=2.0
2026-02-07 16:59:36.531 | INFO     | __main__:run_proof:111 - evidence: date=2024-07-13 machine_id=3 espresso_shots=2.0
2026-02-07 16:59:36.531 | INFO     | __main__:run_proof:111 - evidence: date=2024-07-15 machine_id=1 espresso_shots=1.0
2026-02-07 16:59:36.531 | INFO     | __main__:run_proof:111 - evidence: date=2024-07-15 machine_id=3 espresso_shots=1.0
2026-02-07 16:59:36.532 | INFO     | __main__:run_proof:111 - evidence: date=2024-07-16 machine_id=1 espresso_shots=1.0
2026-02-07 16:59:36.532 | INFO     | __main__:run_proof:111 - evidence: date=2024-07-16 machine_id=3 espresso_shots=1.0
2026-02-07 16:59:36.532 | INFO     | __main__:run_proof:111 - evidence: date=2024-07-17 machine_id=1 espresso_shots=1.0
2026-02-07 16:59:36.532 | INFO     | __main__:run_proof:111 - evidence: date=2024-07-17 machine_id=3 espresso_shots=1.0
2026-02-07 16:59:36.532 | INFO     | __main__:run_proof:122 - Step 5: Transaction-level audit for date=2024-07-12 machine_id=1
2026-02-07 16:59:36.536 | INFO     | __main__:run_proof:146 - Audit transactions count=5
2026-02-07 16:59:36.536 | INFO     | __main__:run_proof:152 - txn: id=1919 occurred_at=2024-07-12T08:03:17.492000 product=Cortado amount=23.02 UAH espresso_shots_used=1.0
2026-02-07 16:59:36.536 | INFO     | __main__:run_proof:152 - txn: id=1921 occurred_at=2024-07-12T11:48:33.381000 product=Hot Chocolate amount=32.82 UAH espresso_shots_used=0.0
2026-02-07 16:59:36.536 | INFO     | __main__:run_proof:152 - txn: id=1923 occurred_at=2024-07-12T22:33:25.589000 product=Hot Chocolate amount=32.82 UAH espresso_shots_used=0.0
2026-02-07 16:59:36.536 | INFO     | __main__:run_proof:152 - txn: id=1925 occurred_at=2024-07-12T22:34:14.307000 product=Hot Chocolate amount=32.82 UAH espresso_shots_used=0.0
2026-02-07 16:59:36.536 | INFO     | __main__:run_proof:152 - txn: id=1927 occurred_at=2024-07-12T22:35:29.518000 product=Hot Chocolate amount=32.82 UAH espresso_shots_used=0.0
2026-02-07 16:59:36.536 | INFO     | __main__:run_proof:162 - Audit summary: espresso_transactions=1 total_espresso_shots=1.0
2026-02-07 16:59:36.537 | INFO     | __main__:run_proof:168 - PASS: There are July days with <= 2 espresso shots consumed
2026-02-07 16:59:36.537 | INFO     | __main__:run_proof:169 - Proof log file: proofs/logs/proof_july_low_espresso_shot_days.log
